# JRE version: OpenJDK Runtime Environment Corretto-19.0.2.7.1 (19.0.2+7) (build 19.0.2+7-FR)
# Java VM: OpenJDK 64-Bit Server VM Corretto-19.0.2.7.1 (19.0.2+7-FR, mixed mode, sharing, tiered, compressed oops, compressed class ptrs, g1 gc, windows-amd64)
GC Precious Log:
 CardTable entry size: 512
 Card Set container configuration: InlinePtr #cards 5 size 8 Array Of Cards #cards 12 size 40 Howl #buckets 4 coarsen threshold 1843 Howl Bitmap #cards 512 size 80 coarsen threshold 460 Card regions per heap region 1 cards per card region 2048
 CPUs: 4 total, 4 available
 Memory: 7114M
 Large Page Support: Disabled
 NUMA Support: Disabled
 Compressed Oops: Enabled (32-bit)
 Heap Region Size: 1M
 Heap Min Capacity: 8M
 Heap Initial Capacity: 112M
 Heap Max Capacity: 1780M
 Pre-touch: Disabled
 Parallel Workers: 4
 Concurrent Workers: 1
 Concurrent Refinement Workers: 4
 Periodic GC: Disabled
Heap:
 garbage-first heap   total 99328K, used 81814K [0x0000000090c00000, 0x0000000100000000)
  region size 1024K, 60 young (61440K), 6 survivors (6144K)
 Metaspace       used 65903K, committed 66624K, reserved 1114112K
  class space    used 8415K, committed 8768K, reserved 1048576K
GC Heap History (20 events):
Event: 7.365 GC heap after
{Heap after GC invocations=7 (full 0):
 garbage-first heap   total 61440K, used 16052K [0x0000000090c00000, 0x0000000100000000)
  region size 1024K, 1 young (1024K), 1 survivors (1024K)
 Metaspace       used 26945K, committed 27392K, reserved 1114112K
  class space    used 3276K, committed 3520K, reserved 1048576K
}
Event: 8.899 GC heap before
{Heap before GC invocations=7 (full 0):
 garbage-first heap   total 61440K, used 42676K [0x0000000090c00000, 0x0000000100000000)
  region size 1024K, 28 young (28672K), 1 survivors (1024K)
 Metaspace       used 33106K, committed 33536K, reserved 1114112K
  class space    used 4160K, committed 4352K, reserved 1048576K
}
Event: 8.906 GC heap after
{Heap after GC invocations=8 (full 0):
 garbage-first heap   total 61440K, used 17264K [0x0000000090c00000, 0x0000000100000000)
  region size 1024K, 2 young (2048K), 2 survivors (2048K)
 Metaspace       used 33106K, committed 33536K, reserved 1114112K
  class space    used 4160K, committed 4352K, reserved 1048576K
}
Event: 9.300 GC heap before
{Heap before GC invocations=8 (full 0):
 garbage-first heap   total 61440K, used 23408K [0x0000000090c00000, 0x0000000100000000)
  region size 1024K, 10 young (10240K), 2 survivors (2048K)
 Metaspace       used 35581K, committed 36096K, reserved 1114112K
  class space    used 4457K, committed 4736K, reserved 1048576K
}
Event: 9.307 GC heap after
{Heap after GC invocations=9 (full 0):
 garbage-first heap   total 61440K, used 17895K [0x0000000090c00000, 0x0000000100000000)
  region size 1024K, 3 young (3072K), 3 survivors (3072K)
 Metaspace       used 35581K, committed 36096K, reserved 1114112K
  class space    used 4457K, committed 4736K, reserved 1048576K
}
Event: 10.861 GC heap before
{Heap before GC invocations=10 (full 0):
 garbage-first heap   total 61440K, used 45543K [0x0000000090c00000, 0x0000000100000000)
  region size 1024K, 31 young (31744K), 3 survivors (3072K)
 Metaspace       used 44401K, committed 44928K, reserved 1114112K
  class space    used 5704K, committed 5952K, reserved 1048576K
}
Event: 10.874 GC heap after
{Heap after GC invocations=11 (full 0):
 garbage-first heap   total 61440K, used 20550K [0x0000000090c00000, 0x0000000100000000)
  region size 1024K, 4 young (4096K), 4 survivors (4096K)
 Metaspace       used 44401K, committed 44928K, reserved 1114112K
  class space    used 5704K, committed 5952K, reserved 1048576K
}
Event: 10.966 GC heap before
{Heap before GC invocations=11 (full 0):
 garbage-first heap   total 61440K, used 21574K [0x0000000090c00000, 0x0000000100000000)
  region size 1024K, 5 young (5120K), 4 survivors (4096K)
 Metaspace       used 45225K, committed 45760K, reserved 1114112K
  class space    used 5778K, committed 6016K, reserved 1048576K
}
Event: 10.973 GC heap after
{Heap after GC invocations=12 (full 0):
 garbage-first heap   total 61440K, used 20668K [0x0000000090c00000, 0x0000000100000000)
  region size 1024K, 1 young (1024K), 1 survivors (1024K)
 Metaspace       used 45225K, committed 45760K, reserved 1114112K
  class space    used 5778K, committed 6016K, reserved 1048576K
}
Event: 12.504 GC heap before
{Heap before GC invocations=12 (full 0):
 garbage-first heap   total 61440K, used 45244K [0x0000000090c00000, 0x0000000100000000)
  region size 1024K, 26 young (26624K), 1 survivors (1024K)
 Metaspace       used 51020K, committed 51584K, reserved 1114112K
  class space    used 6711K, committed 6976K, reserved 1048576K
}
Event: 12.509 GC heap after
{Heap after GC invocations=13 (full 0):
 garbage-first heap   total 61440K, used 21264K [0x0000000090c00000, 0x0000000100000000)
  region size 1024K, 2 young (2048K), 2 survivors (2048K)
 Metaspace       used 51020K, committed 51584K, reserved 1114112K
  class space    used 6711K, committed 6976K, reserved 1048576K
}
Event: 13.609 GC heap before
{Heap before GC invocations=13 (full 0):
 garbage-first heap   total 61440K, used 46864K [0x0000000090c00000, 0x0000000100000000)
  region size 1024K, 27 young (27648K), 2 survivors (2048K)
 Metaspace       used 54942K, committed 55552K, reserved 1114112K
  class space    used 7195K, committed 7488K, reserved 1048576K
}
Event: 13.617 GC heap after
{Heap after GC invocations=14 (full 0):
 garbage-first heap   total 61440K, used 23074K [0x0000000090c00000, 0x0000000100000000)
  region size 1024K, 3 young (3072K), 3 survivors (3072K)
 Metaspace       used 54942K, committed 55552K, reserved 1114112K
  class space    used 7195K, committed 7488K, reserved 1048576K
}
Event: 14.023 GC heap before
{Heap before GC invocations=14 (full 0):
 garbage-first heap   total 61440K, used 47650K [0x0000000090c00000, 0x0000000100000000)
  region size 1024K, 27 young (27648K), 3 survivors (3072K)
 Metaspace       used 55351K, committed 56000K, reserved 1114112K
  class space    used 7232K, committed 7552K, reserved 1048576K
}
Event: 14.033 GC heap after
{Heap after GC invocations=15 (full 0):
 garbage-first heap   total 61440K, used 23939K [0x0000000090c00000, 0x0000000100000000)
  region size 1024K, 3 young (3072K), 3 survivors (3072K)
 Metaspace       used 55351K, committed 56000K, reserved 1114112K
  class space    used 7232K, committed 7552K, reserved 1048576K
}
Event: 30.603 GC heap before
{Heap before GC invocations=15 (full 0):
 garbage-first heap   total 61440K, used 48515K [0x0000000090c00000, 0x0000000100000000)
  region size 1024K, 27 young (27648K), 3 survivors (3072K)
 Metaspace       used 59306K, committed 59904K, reserved 1114112K
  class space    used 7743K, committed 8000K, reserved 1048576K
}
Event: 30.618 GC heap after
{Heap after GC invocations=16 (full 0):
 garbage-first heap   total 119808K, used 26212K [0x0000000090c00000, 0x0000000100000000)
  region size 1024K, 4 young (4096K), 4 survivors (4096K)
 Metaspace       used 59306K, committed 59904K, reserved 1114112K
  class space    used 7743K, committed 8000K, reserved 1048576K
}
Event: 30.790 GC heap before
{Heap before GC invocations=16 (full 0):
 garbage-first heap   total 119808K, used 28260K [0x0000000090c00000, 0x0000000100000000)
  region size 1024K, 7 young (7168K), 4 survivors (4096K)
 Metaspace       used 60058K, committed 60608K, reserved 1114112K
  class space    used 7854K, committed 8128K, reserved 1048576K
}
Event: 30.800 GC heap after
{Heap after GC invocations=17 (full 0):
 garbage-first heap   total 119808K, used 26518K [0x0000000090c00000, 0x0000000100000000)
  region size 1024K, 4 young (4096K), 4 survivors (4096K)
 Metaspace       used 60058K, committed 60608K, reserved 1114112K
  class space    used 7854K, committed 8128K, reserved 1048576K
}
Event: 18799.049 GC heap before
{Heap before GC invocations=18 (full 0):
 garbage-first heap   total 99328K, used 81814K [0x0000000090c00000, 0x0000000100000000)
  region size 1024K, 58 young (59392K), 4 survivors (4096K)
 Metaspace       used 65903K, committed 66624K, reserved 1114112K
  class space    used 8415K, committed 8768K, reserved 1048576K
}

